{"D:\\Projects\\Production Ready Backend Template\\src\\app.ts": {"path":"D:\\Projects\\Production Ready Backend Template\\src\\app.ts","statementMap":{"0":{"start":{"line":1,"column":0},"end":{"line":1,"column":30}},"1":{"start":{"line":3,"column":0},"end":{"line":3,"column":28}},"2":{"start":{"line":4,"column":0},"end":{"line":4,"column":24}},"3":{"start":{"line":5,"column":0},"end":{"line":5,"column":28}},"4":{"start":{"line":6,"column":0},"end":{"line":6,"column":28}},"5":{"start":{"line":7,"column":0},"end":{"line":7,"column":73}},"6":{"start":{"line":8,"column":0},"end":{"line":8,"column":39}},"7":{"start":{"line":9,"column":0},"end":{"line":9,"column":67}},"8":{"start":{"line":10,"column":0},"end":{"line":10,"column":43}},"9":{"start":{"line":11,"column":0},"end":{"line":11,"column":47}},"10":{"start":{"line":12,"column":0},"end":{"line":12,"column":47}},"11":{"start":{"line":13,"column":0},"end":{"line":13,"column":52}},"12":{"start":{"line":14,"column":0},"end":{"line":14,"column":72}},"13":{"start":{"line":16,"column":0},"end":{"line":16,"column":16}},"14":{"start":{"line":17,"column":12},"end":{"line":17,"column":21}},"15":{"start":{"line":19,"column":0},"end":{"line":19,"column":29}},"16":{"start":{"line":21,"column":0},"end":{"line":21,"column":18}},"17":{"start":{"line":22,"column":0},"end":{"line":22,"column":16}},"18":{"start":{"line":23,"column":0},"end":{"line":23,"column":24}},"19":{"start":{"line":24,"column":0},"end":{"line":24,"column":48}},"20":{"start":{"line":26,"column":0},"end":{"line":26,"column":27}},"21":{"start":{"line":28,"column":21},"end":{"line":28,"column":61}},"22":{"start":{"line":30,"column":0},"end":{"line":44,"column":2}},"23":{"start":{"line":34,"column":26},"end":{"line":39,"column":10}},"24":{"start":{"line":40,"column":8},"end":{"line":40,"column":47}},"25":{"start":{"line":46,"column":0},"end":{"line":46,"column":33}},"26":{"start":{"line":47,"column":0},"end":{"line":47,"column":35}},"27":{"start":{"line":48,"column":0},"end":{"line":48,"column":30}},"28":{"start":{"line":49,"column":0},"end":{"line":51,"column":3}},"29":{"start":{"line":50,"column":2},"end":{"line":50,"column":39}},"30":{"start":{"line":52,"column":0},"end":{"line":52,"column":28}},"31":{"start":{"line":54,"column":0},"end":{"line":54,"column":19}}},"fnMap":{"0":{"name":"(anonymous_1)","decl":{"start":{"line":33,"column":13},"end":{"line":33,"column":14}},"loc":{"start":{"line":33,"column":25},"end":{"line":41,"column":7}}},"1":{"name":"(anonymous_2)","decl":{"start":{"line":49,"column":19},"end":{"line":49,"column":20}},"loc":{"start":{"line":49,"column":71},"end":{"line":51,"column":1}}}},"branchMap":{},"s":{"0":0,"1":0,"2":0,"3":0,"4":0,"5":0,"6":0,"7":0,"8":0,"9":0,"10":0,"11":0,"12":0,"13":0,"14":0,"15":0,"16":0,"17":0,"18":0,"19":0,"20":0,"21":0,"22":0,"23":0,"24":0,"25":0,"26":0,"27":0,"28":0,"29":0,"30":0,"31":0},"f":{"0":0,"1":0},"b":{}}
,"D:\\Projects\\Production Ready Backend Template\\src\\server.ts": {"path":"D:\\Projects\\Production Ready Backend Template\\src\\server.ts","statementMap":{"0":{"start":{"line":1,"column":0},"end":{"line":1,"column":27}},"1":{"start":{"line":3,"column":13},"end":{"line":3,"column":17}},"2":{"start":{"line":5,"column":0},"end":{"line":7,"column":3}},"3":{"start":{"line":6,"column":2},"end":{"line":6,"column":48}},"4":{"start":{"line":9,"column":0},"end":{"line":12,"column":3}},"5":{"start":{"line":10,"column":2},"end":{"line":10,"column":61}},"6":{"start":{"line":11,"column":2},"end":{"line":11,"column":18}},"7":{"start":{"line":14,"column":0},"end":{"line":17,"column":3}},"8":{"start":{"line":15,"column":2},"end":{"line":15,"column":49}},"9":{"start":{"line":16,"column":2},"end":{"line":16,"column":18}}},"fnMap":{"0":{"name":"(anonymous_1)","decl":{"start":{"line":5,"column":17},"end":{"line":5,"column":20}},"loc":{"start":{"line":5,"column":22},"end":{"line":7,"column":1}}},"1":{"name":"(anonymous_2)","decl":{"start":{"line":9,"column":22},"end":{"line":9,"column":25}},"loc":{"start":{"line":9,"column":27},"end":{"line":12,"column":1}}},"2":{"name":"(anonymous_3)","decl":{"start":{"line":14,"column":21},"end":{"line":14,"column":24}},"loc":{"start":{"line":14,"column":26},"end":{"line":17,"column":1}}}},"branchMap":{},"s":{"0":0,"1":0,"2":0,"3":0,"4":0,"5":0,"6":0,"7":0,"8":0,"9":0},"f":{"0":0,"1":0,"2":0},"b":{}}
,"D:\\Projects\\Production Ready Backend Template\\src\\controllers\\todo.controller.ts": {"path":"D:\\Projects\\Production Ready Backend Template\\src\\controllers\\todo.controller.ts","statementMap":{"0":{"start":{"line":3,"column":0},"end":{"line":3,"column":null}},"1":{"start":{"line":9,"column":0},"end":{"line":9,"column":44}},"2":{"start":{"line":11,"column":27},"end":{"line":32,"column":1}},"3":{"start":{"line":16,"column":17},"end":{"line":16,"column":27}},"4":{"start":{"line":17,"column":2},"end":{"line":31,"column":3}},"5":{"start":{"line":18,"column":33},"end":{"line":18,"column":41}},"6":{"start":{"line":23,"column":20},"end":{"line":23,"column":73}},"7":{"start":{"line":24,"column":4},"end":{"line":28,"column":7}},"8":{"start":{"line":30,"column":4},"end":{"line":30,"column":60}},"9":{"start":{"line":97,"column":2},"end":{"line":97,"column":20}},"10":{"start":{"line":33,"column":26},"end":{"line":50,"column":1}},"11":{"start":{"line":38,"column":2},"end":{"line":49,"column":3}},"12":{"start":{"line":39,"column":17},"end":{"line":39,"column":56}},"13":{"start":{"line":40,"column":18},"end":{"line":40,"column":58}},"14":{"start":{"line":41,"column":18},"end":{"line":41,"column":51}},"15":{"start":{"line":42,"column":4},"end":{"line":46,"column":7}},"16":{"start":{"line":48,"column":4},"end":{"line":48,"column":60}},"17":{"start":{"line":98,"column":2},"end":{"line":98,"column":19}},"18":{"start":{"line":51,"column":29},"end":{"line":71,"column":1}},"19":{"start":{"line":56,"column":2},"end":{"line":70,"column":3}},"20":{"start":{"line":57,"column":19},"end":{"line":57,"column":29}},"21":{"start":{"line":58,"column":4},"end":{"line":62,"column":5}},"22":{"start":{"line":59,"column":6},"end":{"line":61,"column":66}},"23":{"start":{"line":63,"column":4},"end":{"line":63,"column":32}},"24":{"start":{"line":64,"column":4},"end":{"line":67,"column":7}},"25":{"start":{"line":69,"column":4},"end":{"line":69,"column":61}},"26":{"start":{"line":99,"column":2},"end":{"line":99,"column":22}},"27":{"start":{"line":72,"column":28},"end":{"line":94,"column":1}},"28":{"start":{"line":77,"column":2},"end":{"line":93,"column":3}},"29":{"start":{"line":78,"column":19},"end":{"line":78,"column":29}},"30":{"start":{"line":79,"column":4},"end":{"line":83,"column":5}},"31":{"start":{"line":80,"column":6},"end":{"line":82,"column":66}},"32":{"start":{"line":84,"column":33},"end":{"line":84,"column":41}},"33":{"start":{"line":85,"column":23},"end":{"line":85,"column":71}},"34":{"start":{"line":86,"column":4},"end":{"line":90,"column":7}},"35":{"start":{"line":92,"column":4},"end":{"line":92,"column":60}},"36":{"start":{"line":100,"column":2},"end":{"line":100,"column":21}}},"fnMap":{"0":{"name":"(anonymous_1)","decl":{"start":{"line":11,"column":27},"end":{"line":11,"column":32}},"loc":{"start":{"line":15,"column":4},"end":{"line":32,"column":1}}},"1":{"name":"(anonymous_2)","decl":{"start":{"line":33,"column":26},"end":{"line":33,"column":31}},"loc":{"start":{"line":37,"column":4},"end":{"line":50,"column":1}}},"2":{"name":"(anonymous_3)","decl":{"start":{"line":51,"column":29},"end":{"line":51,"column":34}},"loc":{"start":{"line":55,"column":4},"end":{"line":71,"column":1}}},"3":{"name":"(anonymous_4)","decl":{"start":{"line":72,"column":28},"end":{"line":72,"column":33}},"loc":{"start":{"line":76,"column":4},"end":{"line":94,"column":1}}}},"branchMap":{"0":{"loc":{"start":{"line":39,"column":17},"end":{"line":39,"column":56}},"type":"binary-expr","locations":[{"start":{"line":39,"column":17},"end":{"line":39,"column":51}},{"start":{"line":39,"column":55},"end":{"line":39,"column":56}}]},"1":{"loc":{"start":{"line":40,"column":18},"end":{"line":40,"column":58}},"type":"binary-expr","locations":[{"start":{"line":40,"column":18},"end":{"line":40,"column":53}},{"start":{"line":40,"column":57},"end":{"line":40,"column":58}}]},"2":{"loc":{"start":{"line":58,"column":4},"end":{"line":62,"column":5}},"type":"if","locations":[{"start":{"line":58,"column":4},"end":{"line":62,"column":5}},{"start":{},"end":{}}]},"3":{"loc":{"start":{"line":79,"column":4},"end":{"line":83,"column":5}},"type":"if","locations":[{"start":{"line":79,"column":4},"end":{"line":83,"column":5}},{"start":{},"end":{}}]}},"s":{"0":0,"1":0,"2":0,"3":0,"4":0,"5":0,"6":0,"7":0,"8":0,"9":0,"10":0,"11":0,"12":0,"13":0,"14":0,"15":0,"16":0,"17":0,"18":0,"19":0,"20":0,"21":0,"22":0,"23":0,"24":0,"25":0,"26":0,"27":0,"28":0,"29":0,"30":0,"31":0,"32":0,"33":0,"34":0,"35":0,"36":0},"f":{"0":0,"1":0,"2":0,"3":0},"b":{"0":[0,0],"1":[0,0],"2":[0,0],"3":[0,0]}}
,"D:\\Projects\\Production Ready Backend Template\\src\\controllers\\user.controller.ts": {"path":"D:\\Projects\\Production Ready Backend Template\\src\\controllers\\user.controller.ts","statementMap":{"0":{"start":{"line":2,"column":0},"end":{"line":2,"column":null}},"1":{"start":{"line":7,"column":0},"end":{"line":7,"column":48}},"2":{"start":{"line":8,"column":0},"end":{"line":8,"column":44}},"3":{"start":{"line":10,"column":31},"end":{"line":30,"column":1}},"4":{"start":{"line":15,"column":2},"end":{"line":29,"column":3}},"5":{"start":{"line":16,"column":32},"end":{"line":16,"column":40}},"6":{"start":{"line":21,"column":20},"end":{"line":21,"column":64}},"7":{"start":{"line":22,"column":4},"end":{"line":26,"column":7}},"8":{"start":{"line":28,"column":4},"end":{"line":28,"column":62}},"9":{"start":{"line":64,"column":9},"end":{"line":64,"column":31}},"10":{"start":{"line":32,"column":28},"end":{"line":62,"column":1}},"11":{"start":{"line":37,"column":2},"end":{"line":61,"column":3}},"12":{"start":{"line":38,"column":32},"end":{"line":38,"column":40}},"13":{"start":{"line":44,"column":17},"end":{"line":44,"column":45}},"14":{"start":{"line":45,"column":4},"end":{"line":47,"column":5}},"15":{"start":{"line":46,"column":6},"end":{"line":46,"column":60}},"16":{"start":{"line":48,"column":28},"end":{"line":48,"column":76}},"17":{"start":{"line":49,"column":4},"end":{"line":51,"column":5}},"18":{"start":{"line":50,"column":6},"end":{"line":50,"column":60}},"19":{"start":{"line":52,"column":18},"end":{"line":52,"column":40}},"20":{"start":{"line":53,"column":4},"end":{"line":58,"column":7}},"21":{"start":{"line":60,"column":4},"end":{"line":60,"column":59}},"22":{"start":{"line":64,"column":33},"end":{"line":64,"column":52}}},"fnMap":{"0":{"name":"(anonymous_1)","decl":{"start":{"line":10,"column":31},"end":{"line":10,"column":36}},"loc":{"start":{"line":14,"column":4},"end":{"line":30,"column":1}}},"1":{"name":"(anonymous_2)","decl":{"start":{"line":32,"column":28},"end":{"line":32,"column":33}},"loc":{"start":{"line":36,"column":4},"end":{"line":62,"column":1}}}},"branchMap":{"0":{"loc":{"start":{"line":45,"column":4},"end":{"line":47,"column":5}},"type":"if","locations":[{"start":{"line":45,"column":4},"end":{"line":47,"column":5}},{"start":{},"end":{}}]},"1":{"loc":{"start":{"line":49,"column":4},"end":{"line":51,"column":5}},"type":"if","locations":[{"start":{"line":49,"column":4},"end":{"line":51,"column":5}},{"start":{},"end":{}}]}},"s":{"0":0,"1":0,"2":0,"3":0,"4":0,"5":0,"6":0,"7":0,"8":0,"9":0,"10":0,"11":0,"12":0,"13":0,"14":0,"15":0,"16":0,"17":0,"18":0,"19":0,"20":0,"21":0,"22":0},"f":{"0":0,"1":0},"b":{"0":[0,0],"1":[0,0]}}
,"D:\\Projects\\Production Ready Backend Template\\src\\libs\\prisma.ts": {"path":"D:\\Projects\\Production Ready Backend Template\\src\\libs\\prisma.ts","statementMap":{"0":{"start":{"line":1,"column":0},"end":{"line":1,"column":23}},"1":{"start":{"line":2,"column":0},"end":{"line":2,"column":46}},"2":{"start":{"line":3,"column":0},"end":{"line":3,"column":46}},"3":{"start":{"line":5,"column":25},"end":{"line":5,"column":54}},"4":{"start":{"line":7,"column":16},"end":{"line":7,"column":50}},"5":{"start":{"line":8,"column":15},"end":{"line":8,"column":44}},"6":{"start":{"line":10,"column":9},"end":{"line":10,"column":15}}},"fnMap":{},"branchMap":{},"s":{"0":0,"1":0,"2":0,"3":0,"4":0,"5":0,"6":0},"f":{},"b":{}}
,"D:\\Projects\\Production Ready Backend Template\\src\\middlewares\\auth.middleware.ts": {"path":"D:\\Projects\\Production Ready Backend Template\\src\\middlewares\\auth.middleware.ts","statementMap":{"0":{"start":{"line":2,"column":0},"end":{"line":2,"column":31}},"1":{"start":{"line":4,"column":23},"end":{"line":22,"column":1}},"2":{"start":{"line":5,"column":21},"end":{"line":5,"column":46}},"3":{"start":{"line":6,"column":2},"end":{"line":8,"column":3}},"4":{"start":{"line":7,"column":4},"end":{"line":7,"column":61}},"5":{"start":{"line":10,"column":16},"end":{"line":10,"column":40}},"6":{"start":{"line":11,"column":2},"end":{"line":13,"column":3}},"7":{"start":{"line":12,"column":4},"end":{"line":12,"column":61}},"8":{"start":{"line":14,"column":2},"end":{"line":21,"column":3}},"9":{"start":{"line":15,"column":19},"end":{"line":15,"column":66}},"10":{"start":{"line":16,"column":20},"end":{"line":16,"column":63}},"11":{"start":{"line":17,"column":4},"end":{"line":17,"column":28}},"12":{"start":{"line":18,"column":4},"end":{"line":18,"column":11}},"13":{"start":{"line":20,"column":4},"end":{"line":20,"column":61}},"14":{"start":{"line":24,"column":0},"end":{"line":24,"column":30}}},"fnMap":{"0":{"name":"(anonymous_1)","decl":{"start":{"line":4,"column":23},"end":{"line":4,"column":24}},"loc":{"start":{"line":4,"column":75},"end":{"line":22,"column":1}}}},"branchMap":{"0":{"loc":{"start":{"line":6,"column":2},"end":{"line":8,"column":3}},"type":"if","locations":[{"start":{"line":6,"column":2},"end":{"line":8,"column":3}},{"start":{},"end":{}}]},"1":{"loc":{"start":{"line":6,"column":6},"end":{"line":6,"column":54}},"type":"binary-expr","locations":[{"start":{"line":6,"column":6},"end":{"line":6,"column":17}},{"start":{"line":6,"column":21},"end":{"line":6,"column":54}}]},"2":{"loc":{"start":{"line":11,"column":2},"end":{"line":13,"column":3}},"type":"if","locations":[{"start":{"line":11,"column":2},"end":{"line":13,"column":3}},{"start":{},"end":{}}]}},"s":{"0":0,"1":0,"2":0,"3":0,"4":0,"5":0,"6":0,"7":0,"8":0,"9":0,"10":0,"11":0,"12":0,"13":0,"14":0},"f":{"0":0},"b":{"0":[0,0],"1":[0,0],"2":[0,0]}}
,"D:\\Projects\\Production Ready Backend Template\\src\\middlewares\\error.middleware.ts": {"path":"D:\\Projects\\Production Ready Backend Template\\src\\middlewares\\error.middleware.ts","statementMap":{"0":{"start":{"line":2,"column":0},"end":{"line":2,"column":40}},"1":{"start":{"line":3,"column":0},"end":{"line":3,"column":37}},"2":{"start":{"line":5,"column":27},"end":{"line":44,"column":1}},"3":{"start":{"line":11,"column":2},"end":{"line":11,"column":41}},"4":{"start":{"line":12,"column":2},"end":{"line":12,"column":37}},"5":{"start":{"line":15,"column":2},"end":{"line":21,"column":5}},"6":{"start":{"line":24,"column":2},"end":{"line":36,"column":3}},"7":{"start":{"line":26,"column":4},"end":{"line":30,"column":5}},"8":{"start":{"line":27,"column":21},"end":{"line":27,"column":66}},"9":{"start":{"line":28,"column":6},"end":{"line":28,"column":23}},"10":{"start":{"line":29,"column":6},"end":{"line":29,"column":53}},"11":{"start":{"line":32,"column":4},"end":{"line":35,"column":5}},"12":{"start":{"line":33,"column":6},"end":{"line":33,"column":23}},"13":{"start":{"line":34,"column":6},"end":{"line":34,"column":40}},"14":{"start":{"line":39,"column":2},"end":{"line":43,"column":3}},"15":{"start":{"line":40,"column":4},"end":{"line":40,"column":27}},"16":{"start":{"line":42,"column":4},"end":{"line":42,"column":28}},"17":{"start":{"line":46,"column":21},"end":{"line":54,"column":1}},"18":{"start":{"line":47,"column":2},"end":{"line":53,"column":5}},"19":{"start":{"line":56,"column":22},"end":{"line":72,"column":1}},"20":{"start":{"line":58,"column":2},"end":{"line":71,"column":3}},"21":{"start":{"line":59,"column":4},"end":{"line":63,"column":7}},"22":{"start":{"line":66,"column":4},"end":{"line":70,"column":7}},"23":{"start":{"line":74,"column":0},"end":{"line":74,"column":34}}},"fnMap":{"0":{"name":"(anonymous_1)","decl":{"start":{"line":5,"column":27},"end":{"line":5,"column":null}},"loc":{"start":{"line":10,"column":4},"end":{"line":44,"column":1}}},"1":{"name":"(anonymous_2)","decl":{"start":{"line":46,"column":21},"end":{"line":46,"column":22}},"loc":{"start":{"line":46,"column":49},"end":{"line":54,"column":1}}},"2":{"name":"(anonymous_3)","decl":{"start":{"line":56,"column":22},"end":{"line":56,"column":23}},"loc":{"start":{"line":56,"column":50},"end":{"line":72,"column":1}}}},"branchMap":{"0":{"loc":{"start":{"line":11,"column":19},"end":{"line":11,"column":40}},"type":"binary-expr","locations":[{"start":{"line":11,"column":19},"end":{"line":11,"column":33}},{"start":{"line":11,"column":37},"end":{"line":11,"column":40}}]},"1":{"loc":{"start":{"line":12,"column":15},"end":{"line":12,"column":36}},"type":"binary-expr","locations":[{"start":{"line":12,"column":15},"end":{"line":12,"column":25}},{"start":{"line":12,"column":29},"end":{"line":12,"column":36}}]},"2":{"loc":{"start":{"line":20,"column":11},"end":{"line":20,"column":73}},"type":"cond-expr","locations":[{"start":{"line":20,"column":52},"end":{"line":20,"column":61}},{"start":{"line":20,"column":64},"end":{"line":20,"column":73}}]},"3":{"loc":{"start":{"line":24,"column":2},"end":{"line":36,"column":3}},"type":"if","locations":[{"start":{"line":24,"column":2},"end":{"line":36,"column":3}},{"start":{},"end":{}}]},"4":{"loc":{"start":{"line":26,"column":4},"end":{"line":30,"column":5}},"type":"if","locations":[{"start":{"line":26,"column":4},"end":{"line":30,"column":5}},{"start":{},"end":{}}]},"5":{"loc":{"start":{"line":27,"column":21},"end":{"line":27,"column":66}},"type":"binary-expr","locations":[{"start":{"line":27,"column":21},"end":{"line":27,"column":55}},{"start":{"line":27,"column":59},"end":{"line":27,"column":66}}]},"6":{"loc":{"start":{"line":32,"column":4},"end":{"line":35,"column":5}},"type":"if","locations":[{"start":{"line":32,"column":4},"end":{"line":35,"column":5}},{"start":{},"end":{}}]},"7":{"loc":{"start":{"line":39,"column":2},"end":{"line":43,"column":3}},"type":"if","locations":[{"start":{"line":39,"column":2},"end":{"line":43,"column":3}},{"start":{"line":41,"column":9},"end":{"line":43,"column":3}}]},"8":{"loc":{"start":{"line":58,"column":2},"end":{"line":71,"column":3}},"type":"if","locations":[{"start":{"line":58,"column":2},"end":{"line":71,"column":3}},{"start":{"line":64,"column":9},"end":{"line":71,"column":3}}]},"9":{"loc":{"start":{"line":58,"column":6},"end":{"line":58,"column":49}},"type":"binary-expr","locations":[{"start":{"line":58,"column":6},"end":{"line":58,"column":23}},{"start":{"line":58,"column":27},"end":{"line":58,"column":49}}]}},"s":{"0":0,"1":0,"2":0,"3":0,"4":0,"5":0,"6":0,"7":0,"8":0,"9":0,"10":0,"11":0,"12":0,"13":0,"14":0,"15":0,"16":0,"17":0,"18":0,"19":0,"20":0,"21":0,"22":0,"23":0},"f":{"0":0,"1":0,"2":0},"b":{"0":[0,0],"1":[0,0],"2":[0,0],"3":[0,0],"4":[0,0],"5":[0,0],"6":[0,0],"7":[0,0],"8":[0,0],"9":[0,0]}}
,"D:\\Projects\\Production Ready Backend Template\\src\\middlewares\\metrics.middleware.ts": {"path":"D:\\Projects\\Production Ready Backend Template\\src\\middlewares\\metrics.middleware.ts","statementMap":{"0":{"start":{"line":2,"column":0},"end":{"line":2,"column":37}},"1":{"start":{"line":4,"column":33},"end":{"line":22,"column":1}},"2":{"start":{"line":9,"column":16},"end":{"line":9,"column":39}},"3":{"start":{"line":11,"column":2},"end":{"line":19,"column":5}},"4":{"start":{"line":12,"column":23},"end":{"line":12,"column":74}},"5":{"start":{"line":14,"column":4},"end":{"line":18,"column":6}},"6":{"start":{"line":21,"column":2},"end":{"line":21,"column":9}},"7":{"start":{"line":4,"column":13},"end":{"line":4,"column":33}}},"fnMap":{"0":{"name":"(anonymous_1)","decl":{"start":{"line":4,"column":33},"end":{"line":4,"column":null}},"loc":{"start":{"line":8,"column":4},"end":{"line":22,"column":1}}},"1":{"name":"(anonymous_2)","decl":{"start":{"line":11,"column":19},"end":{"line":11,"column":22}},"loc":{"start":{"line":11,"column":24},"end":{"line":19,"column":3}}}},"branchMap":{},"s":{"0":0,"1":0,"2":0,"3":0,"4":0,"5":0,"6":0,"7":0},"f":{"0":0,"1":0},"b":{}}
,"D:\\Projects\\Production Ready Backend Template\\src\\middlewares\\ratelimit.middleware.ts": {"path":"D:\\Projects\\Production Ready Backend Template\\src\\middlewares\\ratelimit.middleware.ts","statementMap":{"0":{"start":{"line":2,"column":0},"end":{"line":2,"column":47}},"1":{"start":{"line":3,"column":0},"end":{"line":3,"column":38}},"2":{"start":{"line":4,"column":0},"end":{"line":4,"column":44}},"3":{"start":{"line":6,"column":16},"end":{"line":11,"column":2}},"4":{"start":{"line":13,"column":35},"end":{"line":42,"column":1}},"5":{"start":{"line":18,"column":2},"end":{"line":41,"column":3}},"6":{"start":{"line":20,"column":7},"end":{"line":22,"column":17}},"7":{"start":{"line":25,"column":6},"end":{"line":25,"column":37}},"8":{"start":{"line":27,"column":4},"end":{"line":27,"column":46}},"9":{"start":{"line":28,"column":4},"end":{"line":28,"column":54}},"10":{"start":{"line":29,"column":4},"end":{"line":29,"column":46}},"11":{"start":{"line":31,"column":4},"end":{"line":35,"column":5}},"12":{"start":{"line":32,"column":6},"end":{"line":34,"column":8}},"13":{"start":{"line":37,"column":4},"end":{"line":37,"column":11}},"14":{"start":{"line":39,"column":4},"end":{"line":39,"column":48}},"15":{"start":{"line":40,"column":4},"end":{"line":40,"column":11}},"16":{"start":{"line":13,"column":13},"end":{"line":13,"column":35}}},"fnMap":{"0":{"name":"(anonymous_1)","decl":{"start":{"line":13,"column":35},"end":{"line":13,"column":40}},"loc":{"start":{"line":17,"column":4},"end":{"line":42,"column":1}}}},"branchMap":{"0":{"loc":{"start":{"line":20,"column":7},"end":{"line":22,"column":17}},"type":"binary-expr","locations":[{"start":{"line":20,"column":7},"end":{"line":20,"column":48}},{"start":{"line":21,"column":6},"end":{"line":21,"column":30}},{"start":{"line":22,"column":6},"end":{"line":22,"column":17}}]},"1":{"loc":{"start":{"line":31,"column":4},"end":{"line":35,"column":5}},"type":"if","locations":[{"start":{"line":31,"column":4},"end":{"line":35,"column":5}},{"start":{},"end":{}}]}},"s":{"0":0,"1":0,"2":0,"3":0,"4":0,"5":0,"6":0,"7":0,"8":0,"9":0,"10":0,"11":0,"12":0,"13":0,"14":0,"15":0,"16":0},"f":{"0":0},"b":{"0":[0,0,0],"1":[0,0]}}
,"D:\\Projects\\Production Ready Backend Template\\src\\middlewares\\validate.middleware.ts": {"path":"D:\\Projects\\Production Ready Backend Template\\src\\middlewares\\validate.middleware.ts","statementMap":{"0":{"start":{"line":2,"column":0},"end":{"line":2,"column":42}},"1":{"start":{"line":5,"column":2},"end":{"line":28,"column":3}},"2":{"start":{"line":6,"column":2},"end":{"line":28,"column":3}},"3":{"start":{"line":7,"column":4},"end":{"line":27,"column":5}},"4":{"start":{"line":8,"column":6},"end":{"line":12,"column":9}},"5":{"start":{"line":13,"column":6},"end":{"line":13,"column":13}},"6":{"start":{"line":16,"column":6},"end":{"line":25,"column":7}},"7":{"start":{"line":17,"column":8},"end":{"line":24,"column":11}},"8":{"start":{"line":20,"column":50},"end":{"line":23,"column":12}},"9":{"start":{"line":26,"column":6},"end":{"line":26,"column":18}},"10":{"start":{"line":30,"column":0},"end":{"line":30,"column":24}}},"fnMap":{"0":{"name":"(anonymous_0)","decl":{"start":{"line":5,"column":2},"end":{"line":5,"column":3}},"loc":{"start":{"line":6,"column":2},"end":{"line":28,"column":3}}},"1":{"name":"(anonymous_1)","decl":{"start":{"line":6,"column":2},"end":{"line":6,"column":7}},"loc":{"start":{"line":6,"column":60},"end":{"line":28,"column":3}}},"2":{"name":"(anonymous_2)","decl":{"start":{"line":20,"column":35},"end":{"line":20,"column":36}},"loc":{"start":{"line":20,"column":50},"end":{"line":23,"column":12}}}},"branchMap":{"0":{"loc":{"start":{"line":16,"column":6},"end":{"line":25,"column":7}},"type":"if","locations":[{"start":{"line":16,"column":6},"end":{"line":25,"column":7}},{"start":{},"end":{}}]}},"s":{"0":0,"1":0,"2":0,"3":0,"4":0,"5":0,"6":0,"7":0,"8":0,"9":0,"10":0},"f":{"0":0,"1":0,"2":0},"b":{"0":[0,0]}}
,"D:\\Projects\\Production Ready Backend Template\\src\\redis\\redis.ts": {"path":"D:\\Projects\\Production Ready Backend Template\\src\\redis\\redis.ts","statementMap":{"0":{"start":{"line":8,"column":0},"end":{"line":8,"column":39}},"1":{"start":{"line":9,"column":14},"end":{"line":12,"column":2}},"2":{"start":{"line":13,"column":0},"end":{"line":13,"column":21}}},"fnMap":{},"branchMap":{},"s":{"0":0,"1":0,"2":0},"f":{},"b":{}}
,"D:\\Projects\\Production Ready Backend Template\\src\\routes\\health.check.ts": {"path":"D:\\Projects\\Production Ready Backend Template\\src\\routes\\health.check.ts","statementMap":{"0":{"start":{"line":1,"column":0},"end":{"line":1,"column":33}},"1":{"start":{"line":2,"column":0},"end":{"line":2,"column":40}},"2":{"start":{"line":3,"column":0},"end":{"line":3,"column":35}},"3":{"start":{"line":5,"column":15},"end":{"line":5,"column":23}},"4":{"start":{"line":13,"column":0},"end":{"line":32,"column":3}},"5":{"start":{"line":14,"column":2},"end":{"line":31,"column":3}},"6":{"start":{"line":15,"column":4},"end":{"line":15,"column":37}},"7":{"start":{"line":16,"column":17},"end":{"line":16,"column":35}},"8":{"start":{"line":17,"column":4},"end":{"line":25,"column":7}},"9":{"start":{"line":27,"column":4},"end":{"line":30,"column":7}},"10":{"start":{"line":54,"column":0},"end":{"line":54,"column":22}}},"fnMap":{"0":{"name":"(anonymous_1)","decl":{"start":{"line":13,"column":24},"end":{"line":13,"column":29}},"loc":{"start":{"line":13,"column":44},"end":{"line":32,"column":1}}}},"branchMap":{"0":{"loc":{"start":{"line":23,"column":15},"end":{"line":23,"column":75}},"type":"cond-expr","locations":[{"start":{"line":23,"column":33},"end":{"line":23,"column":44}},{"start":{"line":23,"column":47},"end":{"line":23,"column":75}}]}},"s":{"0":0,"1":0,"2":0,"3":0,"4":0,"5":0,"6":0,"7":0,"8":0,"9":0,"10":0},"f":{"0":0},"b":{"0":[0,0]}}
,"D:\\Projects\\Production Ready Backend Template\\src\\routes\\todo.route.ts": {"path":"D:\\Projects\\Production Ready Backend Template\\src\\routes\\todo.route.ts","statementMap":{"0":{"start":{"line":1,"column":0},"end":{"line":1,"column":33}},"1":{"start":{"line":2,"column":0},"end":{"line":2,"column":60}},"2":{"start":{"line":3,"column":0},"end":{"line":3,"column":null}},"3":{"start":{"line":9,"column":0},"end":{"line":9,"column":58}},"4":{"start":{"line":10,"column":0},"end":{"line":10,"column":76}},"5":{"start":{"line":12,"column":19},"end":{"line":12,"column":27}},"6":{"start":{"line":13,"column":0},"end":{"line":13,"column":31}},"7":{"start":{"line":15,"column":0},"end":{"line":15,"column":75}},"8":{"start":{"line":16,"column":0},"end":{"line":16,"column":43}},"9":{"start":{"line":17,"column":0},"end":{"line":17,"column":53}},"10":{"start":{"line":18,"column":0},"end":{"line":18,"column":79}},"11":{"start":{"line":20,"column":0},"end":{"line":20,"column":26}}},"fnMap":{},"branchMap":{},"s":{"0":0,"1":0,"2":0,"3":0,"4":0,"5":0,"6":0,"7":0,"8":0,"9":0,"10":0,"11":0},"f":{},"b":{}}
,"D:\\Projects\\Production Ready Backend Template\\src\\routes\\user.route.ts": {"path":"D:\\Projects\\Production Ready Backend Template\\src\\routes\\user.route.ts","statementMap":{"0":{"start":{"line":1,"column":0},"end":{"line":1,"column":33}},"1":{"start":{"line":2,"column":0},"end":{"line":2,"column":null}},"2":{"start":{"line":6,"column":0},"end":{"line":6,"column":61}},"3":{"start":{"line":7,"column":0},"end":{"line":7,"column":70}},"4":{"start":{"line":9,"column":19},"end":{"line":9,"column":27}},"5":{"start":{"line":11,"column":0},"end":{"line":11,"column":76}},"6":{"start":{"line":12,"column":0},"end":{"line":12,"column":70}},"7":{"start":{"line":14,"column":0},"end":{"line":14,"column":26}}},"fnMap":{},"branchMap":{},"s":{"0":0,"1":0,"2":0,"3":0,"4":0,"5":0,"6":0,"7":0},"f":{},"b":{}}
,"D:\\Projects\\Production Ready Backend Template\\src\\schemas\\todo.schema.ts": {"path":"D:\\Projects\\Production Ready Backend Template\\src\\schemas\\todo.schema.ts","statementMap":{"0":{"start":{"line":1,"column":0},"end":{"line":1,"column":24}},"1":{"start":{"line":3,"column":13},"end":{"line":10,"column":3}},"2":{"start":{"line":12,"column":13},"end":{"line":20,"column":3}}},"fnMap":{},"branchMap":{},"s":{"0":0,"1":0,"2":0},"f":{},"b":{}}
,"D:\\Projects\\Production Ready Backend Template\\src\\schemas\\user.schema.ts": {"path":"D:\\Projects\\Production Ready Backend Template\\src\\schemas\\user.schema.ts","statementMap":{"0":{"start":{"line":1,"column":0},"end":{"line":1,"column":24}},"1":{"start":{"line":3,"column":13},"end":{"line":10,"column":3}},"2":{"start":{"line":12,"column":13},"end":{"line":17,"column":3}}},"fnMap":{},"branchMap":{},"s":{"0":0,"1":0,"2":0},"f":{},"b":{}}
,"D:\\Projects\\Production Ready Backend Template\\src\\services\\todo.service.ts": {"path":"D:\\Projects\\Production Ready Backend Template\\src\\services\\todo.service.ts","statementMap":{"0":{"start":{"line":1,"column":0},"end":{"line":1,"column":40}},"1":{"start":{"line":2,"column":0},"end":{"line":2,"column":35}},"2":{"start":{"line":4,"column":28},"end":{"line":9,"column":1}},"3":{"start":{"line":5,"column":15},"end":{"line":5,"column":42}},"4":{"start":{"line":6,"column":2},"end":{"line":8,"column":3}},"5":{"start":{"line":7,"column":4},"end":{"line":7,"column":29}},"6":{"start":{"line":11,"column":26},"end":{"line":24,"column":1}},"7":{"start":{"line":15,"column":18},"end":{"line":21,"column":4}},"8":{"start":{"line":22,"column":2},"end":{"line":22,"column":30}},"9":{"start":{"line":23,"column":2},"end":{"line":23,"column":17}},"10":{"start":{"line":73,"column":2},"end":{"line":73,"column":19}},"11":{"start":{"line":26,"column":23},"end":{"line":58,"column":1}},"12":{"start":{"line":27,"column":15},"end":{"line":27,"column":33}},"13":{"start":{"line":28,"column":19},"end":{"line":28,"column":54}},"14":{"start":{"line":29,"column":21},"end":{"line":29,"column":46}},"15":{"start":{"line":30,"column":2},"end":{"line":32,"column":3}},"16":{"start":{"line":31,"column":4},"end":{"line":31,"column":22}},"17":{"start":{"line":37,"column":25},"end":{"line":44,"column":4}},"18":{"start":{"line":46,"column":17},"end":{"line":54,"column":4}},"19":{"start":{"line":56,"column":2},"end":{"line":56,"column":50}},"20":{"start":{"line":57,"column":2},"end":{"line":57,"column":16}},"21":{"start":{"line":74,"column":2},"end":{"line":74,"column":16}},"22":{"start":{"line":60,"column":26},"end":{"line":64,"column":1}},"23":{"start":{"line":61,"column":15},"end":{"line":61,"column":58}},"24":{"start":{"line":62,"column":2},"end":{"line":62,"column":30}},"25":{"start":{"line":63,"column":2},"end":{"line":63,"column":14}},"26":{"start":{"line":75,"column":2},"end":{"line":75,"column":19}},"27":{"start":{"line":66,"column":25},"end":{"line":70,"column":1}},"28":{"start":{"line":67,"column":17},"end":{"line":67,"column":76}},"29":{"start":{"line":68,"column":2},"end":{"line":68,"column":30}},"30":{"start":{"line":69,"column":2},"end":{"line":69,"column":16}},"31":{"start":{"line":76,"column":2},"end":{"line":76,"column":18}}},"fnMap":{"0":{"name":"(anonymous_1)","decl":{"start":{"line":4,"column":28},"end":{"line":4,"column":33}},"loc":{"start":{"line":4,"column":39},"end":{"line":9,"column":1}}},"1":{"name":"(anonymous_2)","decl":{"start":{"line":11,"column":26},"end":{"line":11,"column":31}},"loc":{"start":{"line":14,"column":4},"end":{"line":24,"column":1}}},"2":{"name":"(anonymous_3)","decl":{"start":{"line":26,"column":23},"end":{"line":26,"column":28}},"loc":{"start":{"line":26,"column":61},"end":{"line":58,"column":1}}},"3":{"name":"(anonymous_4)","decl":{"start":{"line":60,"column":26},"end":{"line":60,"column":31}},"loc":{"start":{"line":60,"column":47},"end":{"line":64,"column":1}}},"4":{"name":"(anonymous_5)","decl":{"start":{"line":66,"column":25},"end":{"line":66,"column":30}},"loc":{"start":{"line":66,"column":61},"end":{"line":70,"column":1}}}},"branchMap":{"0":{"loc":{"start":{"line":6,"column":2},"end":{"line":8,"column":3}},"type":"if","locations":[{"start":{"line":6,"column":2},"end":{"line":8,"column":3}},{"start":{},"end":{}}]},"1":{"loc":{"start":{"line":30,"column":2},"end":{"line":32,"column":3}},"type":"if","locations":[{"start":{"line":30,"column":2},"end":{"line":32,"column":3}},{"start":{},"end":{}}]}},"s":{"0":1,"1":1,"2":1,"3":1,"4":1,"5":0,"6":1,"7":1,"8":1,"9":1,"10":1,"11":1,"12":0,"13":0,"14":0,"15":0,"16":0,"17":0,"18":0,"19":0,"20":0,"21":1,"22":1,"23":0,"24":0,"25":0,"26":1,"27":1,"28":0,"29":0,"30":0,"31":1},"f":{"0":1,"1":1,"2":0,"3":0,"4":0},"b":{"0":[0,1],"1":[0,0]}}
,"D:\\Projects\\Production Ready Backend Template\\src\\services\\user.service.ts": {"path":"D:\\Projects\\Production Ready Backend Template\\src\\services\\user.service.ts","statementMap":{"0":{"start":{"line":1,"column":0},"end":{"line":1,"column":43}},"1":{"start":{"line":2,"column":0},"end":{"line":2,"column":28}},"2":{"start":{"line":9,"column":26},"end":{"line":18,"column":1}},"3":{"start":{"line":10,"column":25},"end":{"line":10,"column":65}},"4":{"start":{"line":11,"column":18},"end":{"line":16,"column":4}},"5":{"start":{"line":17,"column":2},"end":{"line":17,"column":17}},"6":{"start":{"line":34,"column":9},"end":{"line":34,"column":26}},"7":{"start":{"line":20,"column":24},"end":{"line":27,"column":1}},"8":{"start":{"line":21,"column":15},"end":{"line":25,"column":4}},"9":{"start":{"line":26,"column":2},"end":{"line":26,"column":14}},"10":{"start":{"line":34,"column":28},"end":{"line":34,"column":43}},"11":{"start":{"line":29,"column":26},"end":{"line":32,"column":1}},"12":{"start":{"line":30,"column":18},"end":{"line":30,"column":64}},"13":{"start":{"line":31,"column":2},"end":{"line":31,"column":17}},"14":{"start":{"line":34,"column":45},"end":{"line":34,"column":62}}},"fnMap":{"0":{"name":"(anonymous_1)","decl":{"start":{"line":9,"column":26},"end":{"line":9,"column":31}},"loc":{"start":{"line":9,"column":55},"end":{"line":18,"column":1}}},"1":{"name":"(anonymous_2)","decl":{"start":{"line":20,"column":24},"end":{"line":20,"column":29}},"loc":{"start":{"line":20,"column":48},"end":{"line":27,"column":1}}},"2":{"name":"(anonymous_3)","decl":{"start":{"line":29,"column":26},"end":{"line":29,"column":31}},"loc":{"start":{"line":29,"column":77},"end":{"line":32,"column":1}}}},"branchMap":{},"s":{"0":0,"1":0,"2":0,"3":0,"4":0,"5":0,"6":0,"7":0,"8":0,"9":0,"10":0,"11":0,"12":0,"13":0,"14":0},"f":{"0":0,"1":0,"2":0},"b":{}}
,"D:\\Projects\\Production Ready Backend Template\\src\\utils\\AppError.ts": {"path":"D:\\Projects\\Production Ready Backend Template\\src\\utils\\AppError.ts","statementMap":{"0":{"start":{"line":7,"column":4},"end":{"line":7,"column":19}},"1":{"start":{"line":8,"column":4},"end":{"line":8,"column":33}},"2":{"start":{"line":9,"column":4},"end":{"line":9,"column":69}},"3":{"start":{"line":10,"column":4},"end":{"line":10,"column":30}},"4":{"start":{"line":12,"column":4},"end":{"line":12,"column":52}},"5":{"start":{"line":16,"column":0},"end":{"line":16,"column":24}}},"fnMap":{"0":{"name":"(anonymous_0)","decl":{"start":{"line":6,"column":2},"end":{"line":6,"column":14}},"loc":{"start":{"line":6,"column":49},"end":{"line":13,"column":3}}}},"branchMap":{"0":{"loc":{"start":{"line":9,"column":18},"end":{"line":9,"column":68}},"type":"cond-expr","locations":[{"start":{"line":9,"column":52},"end":{"line":9,"column":58}},{"start":{"line":9,"column":61},"end":{"line":9,"column":68}}]}},"s":{"0":0,"1":0,"2":0,"3":0,"4":0,"5":0},"f":{"0":0},"b":{"0":[0,0]}}
,"D:\\Projects\\Production Ready Backend Template\\src\\utils\\jwt.ts": {"path":"D:\\Projects\\Production Ready Backend Template\\src\\utils\\jwt.ts","statementMap":{"0":{"start":{"line":1,"column":0},"end":{"line":1,"column":31}},"1":{"start":{"line":3,"column":22},"end":{"line":10,"column":1}},"2":{"start":{"line":4,"column":18},"end":{"line":4,"column":32}},"3":{"start":{"line":5,"column":17},"end":{"line":5,"column":64}},"4":{"start":{"line":6,"column":16},"end":{"line":8,"column":4}},"5":{"start":{"line":9,"column":2},"end":{"line":9,"column":15}},"6":{"start":{"line":12,"column":9},"end":{"line":12,"column":22}}},"fnMap":{"0":{"name":"(anonymous_1)","decl":{"start":{"line":3,"column":22},"end":{"line":3,"column":23}},"loc":{"start":{"line":3,"column":41},"end":{"line":10,"column":1}}}},"branchMap":{},"s":{"0":0,"1":0,"2":0,"3":0,"4":0,"5":0,"6":0},"f":{"0":0},"b":{}}
,"D:\\Projects\\Production Ready Backend Template\\src\\utils\\logger.ts": {"path":"D:\\Projects\\Production Ready Backend Template\\src\\utils\\logger.ts","statementMap":{"0":{"start":{"line":1,"column":0},"end":{"line":1,"column":30}},"1":{"start":{"line":2,"column":0},"end":{"line":2,"column":28}},"2":{"start":{"line":4,"column":0},"end":{"line":4,"column":16}},"3":{"start":{"line":6,"column":15},"end":{"line":12,"column":2}},"4":{"start":{"line":14,"column":15},"end":{"line":20,"column":2}},"5":{"start":{"line":22,"column":0},"end":{"line":22,"column":26}},"6":{"start":{"line":24,"column":15},"end":{"line":45,"column":2}},"7":{"start":{"line":36,"column":16},"end":{"line":36,"column":66}},"8":{"start":{"line":47,"column":0},"end":{"line":47,"column":22}}},"fnMap":{"0":{"name":"(anonymous_1)","decl":{"start":{"line":36,"column":6},"end":{"line":36,"column":7}},"loc":{"start":{"line":36,"column":16},"end":{"line":36,"column":66}}}},"branchMap":{"0":{"loc":{"start":{"line":25,"column":9},"end":{"line":25,"column":66}},"type":"cond-expr","locations":[{"start":{"line":25,"column":50},"end":{"line":25,"column":57}},{"start":{"line":25,"column":60},"end":{"line":25,"column":66}}]},"1":{"loc":{"start":{"line":30,"column":4},"end":{"line":32,"column":35}},"type":"cond-expr","locations":[{"start":{"line":31,"column":8},"end":{"line":31,"column":46}},{"start":{"line":32,"column":8},"end":{"line":32,"column":35}}]}},"s":{"0":0,"1":0,"2":0,"3":0,"4":0,"5":0,"6":0,"7":0,"8":0},"f":{"0":0},"b":{"0":[0,0],"1":[0,0]}}
}
